Performing C SOURCE FILE Test CMAKE_HAVE_LIBC_PTHREAD failed with the following output:
Change Dir: /home/wxz/SLAM_code/SuperPoint_SLAM/build/CMakeFiles/CMakeTmp

Run Build Command(s):/usr/bin/make cmTC_be71e/fast && /usr/bin/make -f CMakeFiles/cmTC_be71e.dir/build.make CMakeFiles/cmTC_be71e.dir/build
make[1]: 进入目录“/home/wxz/SLAM_code/SuperPoint_SLAM/build/CMakeFiles/CMakeTmp”
Building C object CMakeFiles/cmTC_be71e.dir/src.c.o
/usr/bin/cc   -Wall  -O3 -march=native  -DCMAKE_HAVE_LIBC_PTHREAD   -o CMakeFiles/cmTC_be71e.dir/src.c.o   -c /home/wxz/SLAM_code/SuperPoint_SLAM/build/CMakeFiles/CMakeTmp/src.c
Linking C executable cmTC_be71e
/usr/bin/cmake -E cmake_link_script CMakeFiles/cmTC_be71e.dir/link.txt --verbose=1
/usr/bin/cc   -Wall  -O3 -march=native  -DCMAKE_HAVE_LIBC_PTHREAD    -rdynamic CMakeFiles/cmTC_be71e.dir/src.c.o  -o cmTC_be71e 
/usr/bin/ld: CMakeFiles/cmTC_be71e.dir/src.c.o: in function `main':
src.c:(.text.startup+0x29): undefined reference to `pthread_create'
/usr/bin/ld: src.c:(.text.startup+0x32): undefined reference to `pthread_detach'
/usr/bin/ld: src.c:(.text.startup+0x3d): undefined reference to `pthread_join'
collect2: error: ld returned 1 exit status
make[1]: *** [CMakeFiles/cmTC_be71e.dir/build.make:87：cmTC_be71e] 错误 1
make[1]: 离开目录“/home/wxz/SLAM_code/SuperPoint_SLAM/build/CMakeFiles/CMakeTmp”
make: *** [Makefile:121：cmTC_be71e/fast] 错误 2


Source file was:
#include <pthread.h>

void* test_func(void* data)
{
  return data;
}

int main(void)
{
  pthread_t thread;
  pthread_create(&thread, NULL, test_func, NULL);
  pthread_detach(thread);
  pthread_join(thread, NULL);
  pthread_atfork(NULL, NULL, NULL);
  pthread_exit(NULL);

  return 0;
}

Determining if the function pthread_create exists in the pthreads failed with the following output:
Change Dir: /home/wxz/SLAM_code/SuperPoint_SLAM/build/CMakeFiles/CMakeTmp

Run Build Command(s):/usr/bin/make cmTC_c136f/fast && /usr/bin/make -f CMakeFiles/cmTC_c136f.dir/build.make CMakeFiles/cmTC_c136f.dir/build
make[1]: 进入目录“/home/wxz/SLAM_code/SuperPoint_SLAM/build/CMakeFiles/CMakeTmp”
Building C object CMakeFiles/cmTC_c136f.dir/CheckFunctionExists.c.o
/usr/bin/cc   -Wall  -O3 -march=native  -DCHECK_FUNCTION_EXISTS=pthread_create   -o CMakeFiles/cmTC_c136f.dir/CheckFunctionExists.c.o   -c /usr/share/cmake-3.16/Modules/CheckFunctionExists.c
Linking C executable cmTC_c136f
/usr/bin/cmake -E cmake_link_script CMakeFiles/cmTC_c136f.dir/link.txt --verbose=1
/usr/bin/cc   -Wall  -O3 -march=native  -DCHECK_FUNCTION_EXISTS=pthread_create    -rdynamic CMakeFiles/cmTC_c136f.dir/CheckFunctionExists.c.o  -o cmTC_c136f  -lpthreads 
/usr/bin/ld: 找不到 -lpthreads
collect2: error: ld returned 1 exit status
make[1]: *** [CMakeFiles/cmTC_c136f.dir/build.make:87：cmTC_c136f] 错误 1
make[1]: 离开目录“/home/wxz/SLAM_code/SuperPoint_SLAM/build/CMakeFiles/CMakeTmp”
make: *** [Makefile:121：cmTC_c136f/fast] 错误 2



